<?xml version="1.0" encoding="UTF-8"?>
<!-- Generated by org.testng.reporters.JUnitXMLReporter -->
<testsuite ignored="3" hostname="Lap-HariG" failures="0" tests="1" name="Chrometest" time="21.647" errors="0" timestamp="2025-11-02T21:37:52 IST">
  <testcase classname="testscripts.LoginTest" name="verifyUserwithValidCredentials" time="7.688"/>
  <testcase classname="testscripts.LoginTest" name="verifyInvalidusernameandValidPassword" time="0.0">
    <ignored/>
  </testcase> <!-- verifyInvalidusernameandValidPassword -->
  <testcase classname="testscripts.LoginTest" name="verifyValidusernameandInvalidPassword" time="0.0">
    <ignored/>
  </testcase> <!-- verifyValidusernameandInvalidPassword -->
  <testcase classname="testscripts.LoginTest" name="verifyINalidusernameandInvalidPassword" time="0.0">
    <ignored/>
  </testcase> <!-- verifyINalidusernameandInvalidPassword -->
</testsuite> <!-- Chrometest -->
