<?xml version="1.0" encoding="UTF-8"?>
<!-- Generated by org.testng.reporters.JUnitXMLReporter -->
<testsuite ignored="2" hostname="Lap-HariG" failures="0" tests="3" name="Test" time="19.452" errors="0" timestamp="2025-11-02T21:35:32 IST">
  <testcase classname="testscripts.LoginTest" name="verifyUserwithValidCredentials" time="2.521"/>
  <testcase classname="testscripts.LoginTest" name="verifyINalidusernameandInvalidPassword" time="0.744"/>
  <testcase classname="testscripts.LoginTest" name="verifyINalidusernameandInvalidPassword" time="0.848"/>
  <testcase classname="testscripts.LoginTest" name="verifyValidusernameandInvalidPassword" time="0.0">
    <ignored/>
  </testcase> <!-- verifyValidusernameandInvalidPassword -->
  <testcase classname="testscripts.LoginTest" name="verifyInvalidusernameandValidPassword" time="0.0">
    <ignored/>
  </testcase> <!-- verifyInvalidusernameandValidPassword -->
</testsuite> <!-- Test -->
