<?xml version="1.0" encoding="UTF-8"?>
<!-- Generated by org.testng.reporters.JUnitReportReporter -->
<testsuite hostname="Lap-HariG" failures="0" tests="2" name="testscripts.ManageNewsTest" time="17.267" errors="0" timestamp="2025-11-02T21:16:48 IST" skipped="0">
  <testcase classname="testscripts.ManageNewsTest" name="isUserIsAbleTosearchNews" time="9.589"/>
  <testcase classname="testscripts.ManageNewsTest" name="isUserIsAbleToAddNewNews" time="7.678"/>
</testsuite> <!-- testscripts.ManageNewsTest -->
