<?xml version="1.0" encoding="UTF-8"?>
<!-- Generated by org.testng.reporters.JUnitReportReporter -->
<testsuite hostname="Lap-HariG" failures="0" tests="3" name="testscripts.AdminUserTest" time="59.594" errors="0" timestamp="2025-11-02T20:56:11 IST" skipped="0">
  <testcase classname="testscripts.AdminUserTest" name="isUserIsAbleToRegisterNewUser" time="23.775"/>
  <testcase classname="testscripts.AdminUserTest" name="isUserIsAbleToSearchtheUser" time="13.490"/>
  <testcase classname="testscripts.AdminUserTest" name="userisAbleToReset" time="22.329"/>
</testsuite> <!-- testscripts.AdminUserTest -->
