<?xml version="1.0" encoding="UTF-8"?>
<testng-results ignored="0" total="2" passed="2" failed="0" skipped="0">
  <reporter-output>
  </reporter-output>
  <suite started-at="2025-11-02T21:37:30 IST" name="multibrowsing" finished-at="2025-11-02T21:37:52 IST" duration-ms="21647">
    <groups>
      <group name="smoke">
        <method signature="LoginTest.verifyUserwithValidCredentials()[pri:1, instance:testscripts.LoginTest@302552ec]" name="verifyUserwithValidCredentials" class="testscripts.LoginTest"/>
      </group> <!-- smoke -->
    </groups>
    <test started-at="2025-11-02T21:37:30 IST" name="FirefoxTest" finished-at="2025-11-02T21:37:50 IST" duration-ms="19616">
      <class name="testscripts.HomeTest">
        <test-method is-config="true" signature="instialisebroswer(java.lang.String)[pri:0, instance:testscripts.HomeTest@63070bab]" started-at="2025-11-02T21:37:30 IST" name="instialisebroswer" finished-at="2025-11-02T21:37:46 IST" duration-ms="15515" status="PASS">
          <params>
            <param index="0">
              <value>
                <![CDATA[firefox]]>
              </value>
            </param>
          </params>
          <reporter-output>
          </reporter-output>
        </test-method> <!-- instialisebroswer -->
        <test-method signature="verifyUserisabletoSuccessfullyLoggedoutCredentials()[pri:0, instance:testscripts.HomeTest@63070bab]" started-at="2025-11-02T21:37:46 IST" name="verifyUserisabletoSuccessfullyLoggedoutCredentials" description="user is trying to logout" finished-at="2025-11-02T21:37:50 IST" duration-ms="4025" status="PASS">
          <reporter-output>
          </reporter-output>
        </test-method> <!-- verifyUserisabletoSuccessfullyLoggedoutCredentials -->
        <test-method is-config="true" signature="closebroswer(org.testng.ITestResult)[pri:0, instance:testscripts.HomeTest@63070bab]" started-at="2025-11-02T21:37:50 IST" name="closebroswer" finished-at="2025-11-02T21:37:50 IST" duration-ms="5" status="PASS">
          <params>
            <param index="0">
              <value>
                <![CDATA[[TestResult name=verifyUserisabletoSuccessfullyLoggedoutCredentials status=SUCCESS method=HomeTest.verifyUserisabletoSuccessfullyLoggedoutCredentials()[pri:0, instance:testscripts.HomeTest@63070bab] output={null}]]]>
              </value>
            </param>
          </params>
          <reporter-output>
          </reporter-output>
        </test-method> <!-- closebroswer -->
      </class> <!-- testscripts.HomeTest -->
    </test> <!-- FirefoxTest -->
    <test started-at="2025-11-02T21:37:30 IST" name="Chrometest" finished-at="2025-11-02T21:37:52 IST" duration-ms="21647">
      <class name="testscripts.LoginTest">
        <test-method is-config="true" signature="instialisebroswer(java.lang.String)[pri:0, instance:testscripts.LoginTest@302552ec]" started-at="2025-11-02T21:37:30 IST" name="instialisebroswer" finished-at="2025-11-02T21:37:44 IST" duration-ms="13891" status="PASS">
          <params>
            <param index="0">
              <value>
                <![CDATA[chrome]]>
              </value>
            </param>
          </params>
          <reporter-output>
          </reporter-output>
        </test-method> <!-- instialisebroswer -->
        <test-method signature="verifyUserwithValidCredentials()[pri:1, instance:testscripts.LoginTest@302552ec]" started-at="2025-11-02T21:37:44 IST" name="verifyUserwithValidCredentials" description="user is trying to login with valid credentials" finished-at="2025-11-02T21:37:52 IST" duration-ms="7688" status="PASS">
          <reporter-output>
          </reporter-output>
        </test-method> <!-- verifyUserwithValidCredentials -->
        <test-method is-config="true" signature="closebroswer(org.testng.ITestResult)[pri:0, instance:testscripts.LoginTest@302552ec]" started-at="2025-11-02T21:37:52 IST" name="closebroswer" finished-at="2025-11-02T21:37:52 IST" duration-ms="1" status="PASS">
          <params>
            <param index="0">
              <value>
                <![CDATA[[TestResult name=verifyUserwithValidCredentials status=SUCCESS method=LoginTest.verifyUserwithValidCredentials()[pri:1, instance:testscripts.LoginTest@302552ec] output={null}]]]>
              </value>
            </param>
          </params>
          <reporter-output>
          </reporter-output>
        </test-method> <!-- closebroswer -->
      </class> <!-- testscripts.LoginTest -->
    </test> <!-- Chrometest -->
  </suite> <!-- multibrowsing -->
</testng-results>
