<?xml version="1.0" encoding="UTF-8"?>
<!-- Generated by org.testng.reporters.JUnitXMLReporter -->
<testsuite ignored="0" hostname="Lap-HariG" failures="1" tests="1" name="Default test(failed)" time="13.967" errors="0" timestamp="2025-10-09T10:51:42 IST">
  <testcase classname="testscripts.LoginTest" name="VerifyUserWithValidCredentials" time="0.137">
    <failure type="java.io.FileNotFoundException" message="&amp;quot;C:\Users\Appu\eclipse-workspace\GroceryApplication\src\test\resources\GroceryTestData.xlsx (The filename, directory name, or volume label syntax is incorrect)">
      <![CDATA[java.io.FileNotFoundException: "C:\Users\Appu\eclipse-workspace\GroceryApplication\src\test\resources\GroceryTestData.xlsx (The filename, directory name, or volume label syntax is incorrect)
at java.base/java.io.FileInputStream.open0(Native Method)
at java.base/java.io.FileInputStream.open(FileInputStream.java:213)
at java.base/java.io.FileInputStream.<init>(FileInputStream.java:152)
at java.base/java.io.FileInputStream.<init>(FileInputStream.java:106)
at utilities.ExcelUtility.readStringData(ExcelUtility.java:18)
at testscripts.LoginTest.VerifyUserWithValidCredentials(LoginTest.java:16)
at java.base/java.util.ArrayList.forEach(ArrayList.java:1596)
... Removed 25 stack frames]]>
    </failure>
  </testcase> <!-- VerifyUserWithValidCredentials -->
</testsuite> <!-- Default test(failed) -->
